#-----------------------------------------------------------
# Vivado v2023.2 (64-bit)
# SW Build 4029153 on Fri Oct 13 20:13:54 MDT 2023
# IP Build 4028589 on Sat Oct 14 00:45:43 MDT 2023
# SharedData Build 4025554 on Tue Oct 10 17:18:54 MDT 2023
# Start of session at: Mon Jan  6 15:20:53 2025
# Process ID: 245864
# Current directory: /home/md304/ub325313/T/hard
# Command line: vivado -mode batch -source script/program.tcl
# Log file: /home/md304/ub325313/T/hard/vivado.log
# Journal file: /home/md304/ub325313/T/hard/vivado.jou
# Running On: y14c019.educ.cc.keio.ac.jp, OS: Linux, CPU Frequency: 2100.000 MHz, CPU Physical cores: 16, Host memory: 33126 MB
#-----------------------------------------------------------
source script/program.tcl
# open_hw_manager
# connect_hw_server
INFO: [Labtools 27-2285] Connecting to hw_server url TCP:localhost:3121
INFO: [Labtools 27-2222] Launching hw_server...
INFO: [Labtools 27-2221] Launch Output:

****** Xilinx hw_server v2023.2
  **** Build date : Oct 13 2023 at 20:26:23
    ** Copyright 1986-2022 Xilinx, Inc. All Rights Reserved.


INFO: [Labtools 27-3415] Connecting to cs_server url TCP:localhost:0
INFO: [Labtools 27-3417] Launching cs_server...
INFO: [Labtools 27-2221] Launch Output:


******** Xilinx cs_server v2023.2.0
  ****** Build date   : Oct 10 2023-13:01:56
    **** Build number : 2023.2.1696910516
      ** Copyright 2017-2022 Xilinx, Inc. All Rights Reserved.
      ** Copyright 2022-2025 Advanced Micro Devices, Inc. All Rights Reserved.



# open_hw_target
INFO: [Labtoolstcl 44-466] Opening hw_target localhost:3121/xilinx_tcf/Digilent/210279760404A
# set_property PROGRAM.FILE "fpga_top.bit" [lindex [get_hw_devices] 1]
# current_hw_device [lindex [get_hw_devices] 1]
# refresh_hw_device [lindex [get_hw_devices] 1]
INFO: [Labtools 27-1434] Device xc7z010 (JTAG device index = 1) is programmed with a design that has no supported debug core(s) in it.
# program_hw_devices -verbose [lindex [get_hw_devices] 1]
INFO: [Labtoolstcl 44-647] No encryption options specified, beginning non-encryption programming...
INFO: [Labtools 27-3164] End of startup status: HIGH
# close_hw_target
INFO: [Labtoolstcl 44-464] Closing hw_target localhost:3121/xilinx_tcf/Digilent/210279760404A
# disconnect_hw_server
# close_hw_manager
INFO: [Common 17-206] Exiting Vivado at Mon Jan  6 15:21:15 2025...
